\BOOKMARK [0][]{chapter.1}{\376\377\0001\000\040\137\025\212\000}{}% 1
\BOOKMARK [1][]{section.1.1}{\376\377\0001\000.\0001\000\040\213\241\221\317\176\317\155\116\133\146\146\057\116\300\116\110\377\037}{chapter.1}% 2
\BOOKMARK [1][]{section.1.2}{\376\377\0001\000.\0002\000\040\213\241\221\317\176\317\155\116\133\146\166\204\145\271\154\325}{chapter.1}% 3
\BOOKMARK [1][]{section.1.3}{\376\377\0001\000.\0003\000\040\213\241\221\317\176\317\155\116\133\146\151\202\137\365}{chapter.1}% 4
\BOOKMARK [1][]{section.1.4}{\376\377\0001\000.\0004\000\040\145\160\143\156\060\001\145\160\143\156\176\323\147\204\116\016\145\160\143\156\147\145\156\220}{chapter.1}% 5
\BOOKMARK [2][]{subsection.1.4.1}{\376\377\0001\000.\0004\000.\0001\000\040\211\302\155\113\145\160\143\156}{section.1.4}% 6
\BOOKMARK [2][]{subsection.1.4.2}{\376\377\0001\000.\0004\000.\0002\000\040\145\160\143\156\176\323\147\204}{section.1.4}% 7
\BOOKMARK [2][]{subsection.1.4.3}{\376\377\0001\000.\0004\000.\0003\000\040\145\160\143\156\147\145\156\220}{section.1.4}% 8
\BOOKMARK [1][]{section.1.5}{\376\377\0001\000.\0005\000\040\213\241\221\317\217\157\116\366}{chapter.1}% 9
\BOOKMARK [1][]{section.1.6}{\376\377\0001\000.\0006\000\040\217\333\116\000\153\145\226\005\213\373\215\104\145\231}{chapter.1}% 10
\BOOKMARK [0][]{chapter.2}{\376\377\0002\000\040\151\202\163\207\116\016\176\337\213\241\127\372\170\100}{}% 11
\BOOKMARK [1][]{section.2.1}{\376\377\0002\000.\0001\000\040\151\202\163\207\213\272}{chapter.2}% 12
\BOOKMARK [2][]{subsection.2.1.1}{\376\377\0002\000.\0001\000.\0001\000\040\123\125\123\330\221\317\122\006\136\003}{section.2.1}% 13
\BOOKMARK [3][]{subsubsection.2.1.1.1}{\376\377\0002\000.\0001\000.\0001\000.\0001\000\040\127\372\147\054\151\202\137\365}{subsection.2.1.1}% 14
\BOOKMARK [3][]{subsubsection.2.1.1.2}{\376\377\0002\000.\0001\000.\0001\000.\0002\000\040\116\073\211\201\176\337\213\241\221\317}{subsection.2.1.1}% 15
\BOOKMARK [2][]{subsection.2.1.2}{\376\377\0002\000.\0001\000.\0002\000\040\131\032\123\330\221\317\122\006\136\003}{section.2.1}% 16
\BOOKMARK [2][]{subsection.2.1.3}{\376\377\0002\000.\0001\000.\0003\000\040\136\070\165\050\122\006\136\003}{section.2.1}% 17
\BOOKMARK [3][]{subsubsection.2.1.3.1}{\376\377\0002\000.\0001\000.\0003\000.\0001\000\040\153\143\140\001\122\006\136\003}{subsection.2.1.3}% 18
\BOOKMARK [3][]{subsubsection.2.1.3.2}{\376\377\0002\000.\0001\000.\0003\000.\0002\000\040\123\141\145\271\122\006\136\003}{subsection.2.1.3}% 19
\BOOKMARK [3][]{subsubsection.2.1.3.3}{\376\377\0002\000.\0001\000.\0003\000.\0003\000\040\000t\122\006\136\003}{subsection.2.1.3}% 20
\BOOKMARK [3][]{subsubsection.2.1.3.4}{\376\377\0002\000.\0001\000.\0003\000.\0004\000\040\000F\122\006\136\003}{subsection.2.1.3}% 21
\BOOKMARK [2][]{subsection.2.1.4}{\376\377\0002\000.\0001\000.\0004\000\040\226\217\147\072\142\275\150\067\116\016\131\047\150\067\147\054\217\321\117\074}{section.2.1}% 22
\BOOKMARK [3][]{subsubsection.2.1.4.1}{\376\377\0002\000.\0001\000.\0004\000.\0001\000\040\226\217\147\072\142\275\150\067\116\016\150\067\147\054\167\351}{subsection.2.1.4}% 23
\BOOKMARK [3][]{subsubsection.2.1.4.2}{\376\377\0002\000.\0001\000.\0004\000.\0002\000\040\131\047\150\067\147\054\217\321\117\074}{subsection.2.1.4}% 24
\BOOKMARK [2][]{subsection.2.1.5}{\376\377\0002\000.\0001\000.\0005\000\040\134\017\176\323}{section.2.1}% 25
\BOOKMARK [1][]{section.2.2}{\376\377\0002\000.\0002\000\040\176\337\213\241\133\146\151\202\217\360}{chapter.2}% 26
\BOOKMARK [2][]{subsection.2.2.1}{\376\377\0002\000.\0002\000.\0001\000\040\117\060\213\241}{section.2.2}% 27
\BOOKMARK [2][]{subsection.2.2.2}{\376\377\0002\000.\0002\000.\0002\000\040\120\107\213\276\150\300\232\214}{section.2.2}% 28
\BOOKMARK [2][]{subsection.2.2.3}{\376\377\0002\000.\0002\000.\0003\000\040\177\156\117\341\123\072\225\364}{section.2.2}% 29
\BOOKMARK [1][]{section.2.3}{\376\377\0002\000.\0003\000\040\215\035\123\366\145\257\176\337\213\241\151\202\217\360}{chapter.2}% 30
\BOOKMARK [1][]{section.2.4}{\376\377\0002\000.\0004\000\040\226\104\137\125}{chapter.2}% 31
\BOOKMARK [0][]{chapter.3}{\376\377\0003\000\040\116\000\121\103\176\277\140\047\126\336\137\122}{}% 32
\BOOKMARK [1][]{section.3.1}{\376\377\0003\000.\0001\000\040\176\277\140\047\126\336\137\122\152\041\127\213\117\060\213\241}{chapter.3}% 33
\BOOKMARK [2][]{subsection.3.1.1}{\376\377\0003\000.\0001\000.\0001\000\040\176\277\140\047\126\336\137\122\152\041\127\213}{section.3.1}% 34
\BOOKMARK [2][]{subsection.3.1.2}{\376\377\0003\000.\0001\000.\0002\000\040\174\373\145\160\117\060\213\241}{section.3.1}% 35
\BOOKMARK [2][]{subsection.3.1.3}{\376\377\0003\000.\0001\000.\0003\000\040\142\337\124\010\136\246}{section.3.1}% 36
\BOOKMARK [2][]{subsection.3.1.4}{\376\377\0003\000.\0001\000.\0004\000\040\147\000\134\017\116\214\116\130\166\204\120\107\213\276}{section.3.1}% 37
\BOOKMARK [1][]{section.3.2}{\376\377\0003\000.\0002\000\040\120\107\213\276\150\300\232\214\124\214\177\156\117\341\123\072\225\364}{chapter.3}% 38
\BOOKMARK [2][]{subsection.3.2.1}{\376\377\0003\000.\0002\000.\0001\000\040\126\336\137\122\174\373\145\160\166\204\120\107\213\276\150\300\232\214}{section.3.2}% 39
\BOOKMARK [2][]{subsection.3.2.2}{\376\377\0003\000.\0002\000.\0002\000\040\177\156\117\341\123\072\225\364}{section.3.2}% 40
\BOOKMARK [2][]{subsection.3.2.3}{\376\377\0003\000.\0002\000.\0003\000\040\206\132\142\337\123\330\221\317}{section.3.2}% 41
\BOOKMARK [1][]{section.3.3}{\376\377\0003\000.\0003\000\040\000S\000T\000A\000T\000A\145\131\172\013\377\010\116\000\377\011}{chapter.3}% 42
\BOOKMARK [0][]{chapter.4}{\376\377\0004\000\040\131\032\121\103\176\277\140\047\126\336\137\122}{}% 43
\BOOKMARK [1][]{section.4.1}{\376\377\0004\000.\0001\000\040\220\127\157\017\123\330\221\317\120\117\213\357}{chapter.4}% 44
\BOOKMARK [2][]{subsection.4.1.1}{\376\377\0004\000.\0001\000.\0001\000\040\220\127\157\017\123\330\221\317\120\117\213\357\166\204\133\232\116\111}{section.4.1}% 45
\BOOKMARK [1][]{section.4.2}{\376\377\0004\000.\0002\000\040\131\032\121\103\126\336\137\122\152\041\127\213}{chapter.4}% 46
\BOOKMARK [2][]{subsection.4.2.1}{\376\377\0004\000.\0002\000.\0001\000\040\131\032\121\103\126\336\137\122\116\055\166\204\000O\000L\000S\117\060\213\241\221\317}{section.4.2}% 47
\BOOKMARK [2][]{subsection.4.2.2}{\376\377\0004\000.\0002\000.\0002\000\040\142\337\124\010\136\246}{section.4.2}% 48
\BOOKMARK [2][]{subsection.4.2.3}{\376\377\0004\000.\0002\000.\0003\000\040\131\032\121\103\126\336\137\122\116\055\166\204\000O\000L\000S\120\107\213\276}{section.4.2}% 49
\BOOKMARK [1][]{section.4.3}{\376\377\0004\000.\0003\000\040\120\107\213\276\150\300\232\214\116\016\177\156\117\341\123\072\225\364}{chapter.4}% 50
\BOOKMARK [2][]{subsection.4.3.1}{\376\377\0004\000.\0003\000.\0001\000\040\123\125\174\373\145\160\120\107\213\276\150\300\232\214\116\016\177\156\117\341\123\072\225\364}{section.4.3}% 51
\BOOKMARK [3][]{subsubsection.4.3.1.1}{\376\377\0004\000.\0003\000.\0001\000.\0001\000\040\123\125\174\373\145\160\120\107\213\276\150\300\232\214}{subsection.4.3.1}% 52
\BOOKMARK [3][]{subsubsection.4.3.1.2}{\376\377\0004\000.\0003\000.\0001\000.\0002\000\040\177\156\117\341\123\072\225\364}{subsection.4.3.1}% 53
\BOOKMARK [2][]{subsection.4.3.2}{\376\377\0004\000.\0003\000.\0002\000\040\200\124\124\010\120\107\213\276\150\300\232\214}{section.4.3}% 54
\BOOKMARK [3][]{subsubsection.4.3.2.1}{\376\377\0004\000.\0003\000.\0002\000.\0001\000\040\000F\176\337\213\241\221\317}{subsection.4.3.2}% 55
\BOOKMARK [2][]{subsection.4.3.3}{\376\377\0004\000.\0003\000.\0003\000\040\131\032\121\103\126\336\137\122\152\041\127\213\213\276\133\232}{section.4.3}% 56
\BOOKMARK [1][]{section.4.4}{\376\377\0004\000.\0004\000\040\131\032\121\103\126\336\137\122\000S\000t\000a\000t\000a\144\315\117\134\171\072\117\213}{chapter.4}% 57
\BOOKMARK [0][]{chapter.5}{\376\377\0005\000\040\213\306\122\053\166\204\213\304\116\367\150\106\147\266}{}% 58
\BOOKMARK [1][]{section.5.1}{\376\377\0005\000.\0001\000\040\121\205\220\350\147\011\145\110\140\047\124\214\131\026\220\350\147\011\145\110\140\047\150\106\147\266}{chapter.5}% 59
\BOOKMARK [2][]{subsection.5.1.1}{\376\377\0005\000.\0001\000.\0001\000\040\121\205\220\350\147\011\145\110\140\047}{section.5.1}% 60
\BOOKMARK [2][]{subsection.5.1.2}{\376\377\0005\000.\0001\000.\0002\000\040\131\026\220\350\147\011\145\110\140\047}{section.5.1}% 61
\BOOKMARK [1][]{section.5.2}{\376\377\0005\000.\0002\000\040\121\205\220\350\147\011\145\110\140\047\166\204\132\001\200\301}{chapter.5}% 62
\BOOKMARK [2][]{subsection.5.2.1}{\376\377\0005\000.\0002\000.\0001\000\040\220\127\157\017\123\330\221\317\120\117\213\357}{section.5.2}% 63
\BOOKMARK [2][]{subsection.5.2.2}{\376\377\0005\000.\0002\000.\0002\000\040\121\375\145\160\137\142\137\017\213\357\213\276}{section.5.2}% 64
\BOOKMARK [2][]{subsection.5.2.3}{\376\377\0005\000.\0002\000.\0003\000\040\155\113\221\317\213\357\135\356}{section.5.2}% 65
\BOOKMARK [2][]{subsection.5.2.4}{\376\377\0005\000.\0002\000.\0004\000\040\177\072\131\061\145\160\143\156\124\214\150\067\147\054\220\011\142\351}{section.5.2}% 66
\BOOKMARK [2][]{subsection.5.2.5}{\376\377\0005\000.\0002\000.\0005\000\040\123\314\124\021\126\340\147\234}{section.5.2}% 67
\BOOKMARK [2][]{subsection.5.2.6}{\376\377\0005\000.\0002\000.\0006\000\040\000O\000L\000S\150\007\121\306\213\357\166\204\116\015\116\000\201\364\140\047}{section.5.2}% 68
\BOOKMARK [1][]{section.5.3}{\376\377\0005\000.\0003\000\040\133\217\211\302\116\055\166\204\213\306\122\053}{chapter.5}% 69
\BOOKMARK [1][]{section.5.4}{\376\377\0005\000.\0004\000\040\134\017\163\355\145\131\133\146\123\312\121\166\000S\000t\000a\000t\000a\144\315\117\134}{chapter.5}% 70
\BOOKMARK [2][]{subsection.5.4.1}{\376\377\0005\000.\0004\000.\0001\000\040\131\026\220\350\147\011\145\110\140\047}{section.5.4}% 71
\BOOKMARK [1][]{section.5.5}{\376\377\0005\000.\0005\000\040\140\073\176\323}{chapter.5}% 72
\BOOKMARK [0][]{chapter.6}{\376\377\0006\000\040\227\142\147\177\145\160\143\156\152\041\127\213}{}% 73
\BOOKMARK [1][]{section.6.1}{\376\377\0006\000.\0001\000\040\227\142\147\177\145\160\143\156}{chapter.6}% 74
\BOOKMARK [1][]{section.6.2}{\376\377\0006\000.\0002\000\040\126\372\133\232\145\110\136\224\126\336\137\122}{chapter.6}% 75
\BOOKMARK [2][]{subsection.6.2.1}{\376\377\0006\000.\0002\000.\0001\000\040\116\044\147\037\040\034\153\324\217\203\040\035}{section.6.2}% 76
\BOOKMARK [2][]{subsection.6.2.2}{\376\377\0006\000.\0002\000.\0002\000\040\126\372\133\232\145\110\136\224\126\336\137\122}{section.6.2}% 77
\BOOKMARK [2][]{subsection.6.2.3}{\376\377\0006\000.\0002\000.\0003\000\040\117\213\133\120}{section.6.2}% 78
\BOOKMARK [0][]{chapter.7}{\376\377\0007\000\040\135\345\121\167\123\330\221\317\154\325}{}% 79
\BOOKMARK [1][]{section.7.1}{\376\377\0007\000.\0001\000\040\116\000\121\103\126\336\137\122\116\016\123\125\135\345\121\167\123\330\221\317}{chapter.7}% 80
\BOOKMARK [2][]{subsection.7.1.1}{\376\377\0007\000.\0001\000.\0001\000\040\116\044\226\066\153\265\147\000\134\017\116\214\116\130\000T\000S\000L\000S}{section.7.1}% 81
\BOOKMARK [1][]{section.7.2}{\376\377\0007\000.\0002\000\040\000I\000V\126\336\137\122}{chapter.7}% 82
\BOOKMARK [2][]{subsection.7.2.1}{\376\377\0007\000.\0002\000.\0001\000\040\000T\000S\000L\000S}{section.7.2}% 83
\BOOKMARK [2][]{subsection.7.2.2}{\376\377\0007\000.\0002\000.\0002\000\040\117\213\133\120\377\032\231\231\160\337\227\000\154\102}{section.7.2}% 84
\BOOKMARK [1][]{section.7.3}{\376\377\0007\000.\0003\000\040\131\202\117\125\150\300\232\214\000I\000V\166\204\147\011\145\110\140\047}{chapter.7}% 85
\BOOKMARK [1][]{section.7.4}{\376\377\0007\000.\0004\000\040\137\002\215\050\140\047\131\004\164\006\145\110\136\224\166\204\000I\000V\117\060\213\241\221\317}{chapter.7}% 86
\BOOKMARK [1][]{section.7.5}{\376\377\0007\000.\0005\000\040\124\352\221\314\123\273\133\373\142\176\147\011\145\110\166\204\135\345\121\167\123\330\221\317\124\142\377\037}{chapter.7}% 87
\BOOKMARK [1][]{section.7.6}{\376\377\0007\000.\0006\000\040\000S\000t\000a\000t\000a\124\175\116\344}{chapter.7}% 88
\BOOKMARK [2][]{subsection.7.6.1}{\376\377\0007\000.\0006\000.\0001\000\040\145\131\200\262\136\164\226\120\166\204\135\345\121\167\123\330\221\317\377\032\127\316\136\002\146\057\124\046\133\130\127\050\131\047\133\146}{section.7.6}% 89
\BOOKMARK [2][]{subsection.7.6.2}{\376\377\0007\000.\0006\000.\0002\000\040\116\000\116\233\213\146\124\112}{section.7.6}% 90
\BOOKMARK [1][]{section.7.7}{\376\377\0007\000.\0007\000\040\155\101\210\114\166\204\000I\000V\213\276\213\241}{chapter.7}% 91
\BOOKMARK [2][]{subsection.7.7.1}{\376\377\0007\000.\0007\000.\0001\000\040\226\217\147\072\133\236\232\214\213\276\213\241\000\050\000t\000h\000e\000\040\000l\000o\000t\000t\000e\000r\000y\000\040\000d\000e\000s\000i\000g\000n\000\051}{section.7.7}% 92
\BOOKMARK [2][]{subsection.7.7.2}{\376\377\0007\000.\0007\000.\0002\000\040\000t\000h\000e\000\040\000j\000u\000d\000g\000e\000\040\000f\000i\000x\000e\000d\000\040\000e\000f\000f\000e\000c\000t\000s\000\040\000d\000e\000s\000i\000g\000n}{section.7.7}% 93
\BOOKMARK [2][]{subsection.7.7.3}{\376\377\0007\000.\0007\000.\0003\000\040\000B\000a\000r\000t\000i\000k\000\040\000S\000h\000i\000f\000t\000-\000S\000h\000a\000r\000e\000\040\000I\000V}{section.7.7}% 94
\BOOKMARK [0][]{chapter.8}{\376\377\0008\000\040\116\213\116\366\170\024\172\166}{}% 95
\BOOKMARK [0][]{chapter.9}{\376\377\0009\000\040\123\314\221\315\135\356\122\006\000\050\000D\000I\000D\000\051}{}% 96
\BOOKMARK [1][]{section.9.1}{\376\377\0009\000.\0001\000\040\000D\000I\000D}{chapter.9}% 97
\BOOKMARK [1][]{section.9.2}{\376\377\0009\000.\0002\000\040\146\364\131\032\176\317\121\170\000D\000I\000D\166\204\117\213\133\120}{chapter.9}% 98
\BOOKMARK [1][]{section.9.3}{\376\377\0009\000.\0003\000\040\147\052\131\004\164\006\176\304\116\016\136\163\210\114\215\213\122\277\120\107\213\276}{chapter.9}% 99
\BOOKMARK [1][]{section.9.4}{\376\377\0009\000.\0004\000\040\000D\000I\000D\127\050\000S\000t\000a\000t\000a\116\055\166\204\133\236\163\260}{chapter.9}% 100
\BOOKMARK [1][]{section.9.5}{\376\377\0009\000.\0005\000\040\122\250\140\001\131\004\164\006\145\110\136\224}{chapter.9}% 101
\BOOKMARK [1][]{section.9.6}{\376\377\0009\000.\0006\000\040\116\244\123\340\000D\000I\000D}{chapter.9}% 102
\BOOKMARK [0][]{chapter.10}{\376\377\0001\0000\000\040\145\255\160\271\126\336\137\122\213\276\213\241\377\010\000R\000D\000D\377\011}{}% 103
\BOOKMARK [1][]{section.10.1}{\376\377\0001\0000\000.\0001\000\040\145\255\160\271\126\336\137\122\117\060\213\241\221\317}{chapter.10}% 104
\BOOKMARK [2][]{subsection.10.1.1}{\376\377\0001\0000\000.\0001\000.\0001\000\040\174\276\121\306\145\255\160\271\126\336\137\122}{section.10.1}% 105
\BOOKMARK [2][]{subsection.10.1.2}{\376\377\0001\0000\000.\0001\000.\0002\000\040\152\041\174\312\145\255\160\271\126\336\137\122}{section.10.1}% 106
\BOOKMARK [1][]{section.10.2}{\376\377\0001\0000\000.\0002\000\040\145\255\160\271\126\336\137\122\166\204\211\304\133\232\122\250\117\134}{chapter.10}% 107
\BOOKMARK [1][]{section.10.3}{\376\377\0001\0000\000.\0003\000\040\000s\000t\000a\000t\000a\144\315\117\134}{chapter.10}% 108
\BOOKMARK [1][]{section.10.4}{\376\377\0001\0000\000.\0004\000\040\000K\000i\000n\000k\126\336\137\122\213\276\213\241}{chapter.10}% 109
\BOOKMARK [1][]{section.10.5}{\376\377\0001\0000\000.\0005\000\040\000R\000D\000p\000a\000c\000k\000a\000g\000e}{chapter.10}% 110
\BOOKMARK [1][]{section.10.6}{\376\377\0001\0000\000.\0006\000\040\172\172\225\364\145\255\160\271\126\336\137\122}{chapter.10}% 111
\BOOKMARK [0][]{chapter.11}{\376\377\0001\0001\000\040\121\166\116\326\126\340\147\234\145\110\136\224\213\306\122\053\145\271\154\325\040\024\040\024\123\071\221\115\116\016\124\010\142\020\143\247\122\066\154\325}{}% 112
\BOOKMARK [1][]{section.11.1}{\376\377\0001\0001\000.\0001\000\040\123\071\221\115\154\325}{chapter.11}% 113
\BOOKMARK [2][]{subsubsection.11.1.0.1}{\376\377\0001\0001\000.\0001\000.\0000\000.\0001\000\040\000P\000S\000M\166\204\000S\000t\000a\000t\000a\136\224\165\050\157\024\171\072}{section.11.1}% 114
\BOOKMARK [1][]{section.11.2}{\376\377\0001\0001\000.\0002\000\040\124\010\142\020\143\247\122\066\154\325}{chapter.11}% 115
\BOOKMARK [1][]{section.11.3}{\376\377\0001\0001\000.\0003\000\040\121\113\147\015\213\241\221\317\145\271\154\325\220\011\142\351\126\360\226\276\165\307}{chapter.11}% 116
\BOOKMARK [0][]{chapter.12}{\376\377\0001\0002\000\040\000V\000A\000R\000s}{}% 117
\BOOKMARK [0][]{chapter.13}{\376\377\0001\0003\000\040\122\250\140\001\226\217\147\072\116\000\202\054\127\107\210\141\152\041\127\213}{}% 118
\BOOKMARK [1][]{section.13.1}{\376\377\0001\0003\000.\0001\000\040\227\131\140\001\000I\000S\000-\000L\000M\000-\000P\000C\152\041\127\213}{chapter.13}% 119
\BOOKMARK [2][]{subsection.13.1.1}{\376\377\0001\0003\000.\0001\000.\0001\000\040\000I\000S\000-\000L\000M\152\041\127\213}{section.13.1}% 120
\BOOKMARK [2][]{subsection.13.1.2}{\376\377\0001\0003\000.\0001\000.\0002\000\040\000I\000S\000-\000L\000M\000-\000P\000C\152\041\127\213}{section.13.1}% 121
\BOOKMARK [2][]{subsection.13.1.3}{\376\377\0001\0003\000.\0001\000.\0003\000\040\221\321\207\215\136\002\127\072\144\151\144\346\377\032\000I\000S\000-\000L\000M\000-\000P\000C\000-\000F\000F\152\041\127\213}{section.13.1}% 122
\BOOKMARK [1][]{section.13.2}{\376\377\0001\0003\000.\0002\000\040\000D\000S\000G\000E\152\041\127\213}{chapter.13}% 123
\BOOKMARK [2][]{subsection.13.2.1}{\376\377\0001\0003\000.\0002\000.\0001\000\040\122\250\140\001\000I\000S\000-\000L\000M\000-\000P\000C\152\041\127\213\377\032\116\011\145\271\172\013\000N\000K}{section.13.2}% 124
\BOOKMARK [2][]{subsection.13.2.2}{\376\377\0001\0003\000.\0002\000.\0002\000\040\122\250\140\001\000I\000S\000-\000L\000M\000-\000P\000C\000-\000F\000F\152\041\127\213\377\032\126\333\145\271\172\013\133\217\211\302\221\321\207\215\152\041\127\213}{section.13.2}% 125
\BOOKMARK [2][]{subsection.13.2.3}{\376\377\0001\0003\000.\0002\000.\0003\000\040\227\136\136\070\211\304\215\047\136\001\145\077\173\126\377\032\116\224\145\271\172\013\000N\000K\152\041\127\213}{section.13.2}% 126
\BOOKMARK [2][]{subsection.13.2.4}{\376\377\0001\0003\000.\0002\000.\0004\000\040\176\317\155\116\124\150\147\037\116\016\121\205\165\037\130\236\225\177\166\204\116\222\122\250\377\032\116\224\145\271\172\013\121\357\140\151\145\257\116\073\116\111\130\236\225\177\152\041\127\213}{section.13.2}% 127
\BOOKMARK [1][]{section.13.3}{\376\377\0001\0003\000.\0003\000\040\000S\000t\000a\000t\000a\124\175\116\344}{chapter.13}% 128
\BOOKMARK [0][]{chapter.14}{\376\377\0001\0004\000\040\147\201\173\200\000C\000G\000E\377\032\116\000\116\052\145\131\133\146\137\017\152\041\127\213}{}% 129
\BOOKMARK [1][]{section.14.1}{\376\377\0001\0004\000.\0001\000\040\133\374\213\272}{chapter.14}% 130
\BOOKMARK [1][]{section.14.2}{\376\377\0001\0004\000.\0002\000\040\147\201\173\200\000C\000G\000E\377\032\000M\000c\000L\000u\000r\000e\000\040\000a\000n\000d\000\040\000T\000h\000i\000r\000s\000k\000\050\0001\0009\0007\0005\000\051\152\041\127\213}{chapter.14}% 131
\BOOKMARK [1][]{section.14.3}{\376\377\0001\0004\000.\0003\000\040\172\016\145\066\145\077\173\126\166\204\116\000\202\054\127\107\210\141\145\110\136\224\377\032\000C\000G\000E\136\224\165\050}{chapter.14}% 132
\BOOKMARK [2][]{subsection.14.3.1}{\376\377\0001\0004\000.\0003\000.\0001\000\040\117\001\116\032\142\100\137\227\172\016}{section.14.3}% 133
\BOOKMARK [2][]{subsection.14.3.2}{\376\377\0001\0004\000.\0003\000.\0002\000\040\125\106\124\301\172\016\000/\130\236\120\074\172\016}{section.14.3}% 134
\BOOKMARK [2][]{subsection.14.3.3}{\376\377\0001\0004\000.\0003\000.\0003\000\040\171\217\122\051\145\110\136\224}{section.14.3}% 135
\BOOKMARK [0][]{chapter.15}{\376\377\0001\0005\000\040\131\202\117\125\213\262\131\175\176\317\155\116\133\146\145\105\116\213\377\032\176\317\155\116\133\146\213\272\145\207\166\204\155\101\210\114\137\142\137\017}{}% 136
\BOOKMARK [1][]{section.15.1}{\376\377\0001\0005\000.\0001\000\040\131\175\166\204\140\363\154\325}{chapter.15}% 137
\BOOKMARK [1][]{section.15.2}{\376\377\0001\0005\000.\0002\000\040\150\007\230\230\166\204\155\101\210\114\137\142\137\017}{chapter.15}% 138
\BOOKMARK [1][]{section.15.3}{\376\377\0001\0005\000.\0003\000\040\145\207\163\056\176\374\217\360}{chapter.15}% 139
\BOOKMARK [1][]{section.15.4}{\376\377\0001\0005\000.\0004\000\040\176\317\232\214\162\171\137\201\142\026\137\205\150\300\232\214\124\175\230\230}{chapter.15}% 140
\BOOKMARK [2][]{subsection.15.4.1}{\376\377\0001\0005\000.\0004\000.\0001\000\040\220\073\217\221\143\250\157\024\137\017}{section.15.4}% 141
\BOOKMARK [2][]{subsection.15.4.2}{\376\377\0001\0005\000.\0004\000.\0002\000\040\145\160\164\006\152\041\127\213\137\017}{section.15.4}% 142
\BOOKMARK [1][]{section.15.5}{\376\377\0001\0005\000.\0005\000\040\133\236\213\301\122\006\147\220}{chapter.15}% 143
\BOOKMARK [1][]{section.15.6}{\376\377\0001\0005\000.\0006\000\040\147\072\122\066\000/\123\315\116\213\133\236\166\204\145\160\164\006\152\041\142\337}{chapter.15}% 144
\BOOKMARK [1][]{section.15.7}{\376\377\0001\0005\000.\0007\000\040\176\323\213\272\116\016\145\077\173\126\124\053\116\111}{chapter.15}% 145
\BOOKMARK [1][]{section.15.8}{\376\377\0001\0005\000.\0008\000\040\137\025\212\000}{chapter.15}% 146
\BOOKMARK [1][]{section.15.9}{\376\377\0001\0005\000.\0009\000\040\144\130\211\201}{chapter.15}% 147
\BOOKMARK [1][]{section.15.10}{\376\377\0001\0005\000.\0001\0000\000\040\123\302\200\003\145\207\163\056}{chapter.15}% 148
\BOOKMARK [1][]{section.15.11}{\376\377\0001\0005\000.\0001\0001\000\040\226\104\137\125}{chapter.15}% 149
\BOOKMARK [0][]{appendix.A}{\376\377\000A\000\040\127\372\147\054\145\160\133\146\135\345\121\167}{}% 150
\BOOKMARK [1][]{section.A.1}{\376\377\000A\000.\0001\000\040\154\102\124\214\173\227\133\120\116\016\143\317\217\360\176\337\213\241\221\317}{appendix.A}% 151
